<?xml version="1.0" encoding="UTF-8"?>
<coverage generated="1730299701253" clover="3.2.0">
  <project timestamp="1730299701253" name="All files">
    <metrics statements="6" coveredstatements="6" conditionals="3" coveredconditionals="3" methods="2" coveredmethods="2" elements="11" coveredelements="11" complexity="0" loc="6" ncloc="6" packages="1" files="1" classes="1"/>
    <file name="server.js" path="C:\Users\rodri\OneDrive\Área de Trabalho\Estudos\Projetos\IoT-SmartHome\backend\server.js">
      <metrics statements="6" coveredstatements="6" conditionals="3" coveredconditionals="3" methods="2" coveredmethods="2"/>
      <line num="1" count="1" type="stmt"/>
      <line num="2" count="1" type="cond" truecount="2" falsecount="0"/>
      <line num="3" count="1" type="cond" truecount="1" falsecount="0"/>
      <line num="4" count="1" type="stmt"/>
      <line num="5" count="1" type="stmt"/>
      <line num="6" count="1" type="stmt"/>
    </file>
  </project>
</coverage>
