{"C:\\Users\\rodri\\OneDrive\\Área de Trabalho\\Estudos\\Projetos\\IoT-SmartHome\\backend\\server.js": {"path":"C:\\Users\\rodri\\OneDrive\\Área de Trabalho\\Estudos\\Projetos\\IoT-SmartHome\\backend\\server.js","all":false,"statementMap":{"0":{"start":{"line":1,"column":0},"end":{"line":1,"column":0}},"1":{"start":{"line":2,"column":0},"end":{"line":2,"column":17}},"2":{"start":{"line":3,"column":0},"end":{"line":3,"column":37}},"3":{"start":{"line":4,"column":0},"end":{"line":4,"column":6}},"4":{"start":{"line":5,"column":0},"end":{"line":5,"column":0}},"5":{"start":{"line":6,"column":0},"end":{"line":6,"column":25}}},"s":{"0":1,"1":1,"2":1,"3":1,"4":1,"5":1},"branchMap":{"0":{"type":"branch","line":2,"loc":{"start":{"line":2,"column":-2},"end":{"line":6,"column":25}},"locations":[{"start":{"line":2,"column":-2},"end":{"line":6,"column":25}}]},"1":{"type":"branch","line":2,"loc":{"start":{"line":2,"column":-2},"end":{"line":6,"column":25}},"locations":[{"start":{"line":2,"column":-2},"end":{"line":6,"column":25}}]},"2":{"type":"branch","line":3,"loc":{"start":{"line":3,"column":22},"end":{"line":3,"column":37}},"locations":[{"start":{"line":3,"column":22},"end":{"line":3,"column":37}}]}},"b":{"0":[1],"1":[1],"2":[1]},"fnMap":{"0":{"name":"Object.<anonymous>","decl":{"start":{"line":2,"column":-2},"end":{"line":6,"column":25}},"loc":{"start":{"line":2,"column":-2},"end":{"line":6,"column":25}},"line":2},"1":{"name":"somarDoisValores","decl":{"start":{"line":3,"column":22},"end":{"line":3,"column":37}},"loc":{"start":{"line":3,"column":22},"end":{"line":3,"column":37}},"line":3}},"f":{"0":1,"1":1}}
}
